{"/Users/terrybroughton/work/bank/app.js": {"path":"/Users/terrybroughton/work/bank/app.js","statementMap":{"0":{"start":{"line":1,"column":20},"end":{"line":1,"column":47}},"1":{"start":{"line":2,"column":18},"end":{"line":2,"column":43}},"2":{"start":{"line":6,"column":4},"end":{"line":6,"column":21}},"3":{"start":{"line":7,"column":4},"end":{"line":7,"column":27}},"4":{"start":{"line":10,"column":4},"end":{"line":10,"column":27}},"5":{"start":{"line":11,"column":24},"end":{"line":11,"column":53}},"6":{"start":{"line":12,"column":27},"end":{"line":12,"column":48}},"7":{"start":{"line":13,"column":4},"end":{"line":13,"column":43}},"8":{"start":{"line":16,"column":22},"end":{"line":16,"column":54}},"9":{"start":{"line":17,"column":21},"end":{"line":17,"column":50}},"10":{"start":{"line":18,"column":4},"end":{"line":18,"column":20}},"11":{"start":{"line":19,"column":4},"end":{"line":19,"column":26}},"12":{"start":{"line":23,"column":0},"end":{"line":23,"column":25}}},"fnMap":{"0":{"name":"(anonymous_0)","decl":{"start":{"line":5,"column":2},"end":{"line":5,"column":3}},"loc":{"start":{"line":5,"column":37},"end":{"line":8,"column":3}},"line":5},"1":{"name":"(anonymous_1)","decl":{"start":{"line":9,"column":2},"end":{"line":9,"column":3}},"loc":{"start":{"line":9,"column":44},"end":{"line":14,"column":3}},"line":9},"2":{"name":"(anonymous_2)","decl":{"start":{"line":15,"column":2},"end":{"line":15,"column":3}},"loc":{"start":{"line":15,"column":19},"end":{"line":20,"column":3}},"line":15}},"branchMap":{"0":{"loc":{"start":{"line":9,"column":25},"end":{"line":9,"column":42}},"type":"default-arg","locations":[{"start":{"line":9,"column":32},"end":{"line":9,"column":42}}],"line":9}},"s":{"0":1,"1":1,"2":6,"3":6,"4":5,"5":5,"6":5,"7":5,"8":1,"9":1,"10":1,"11":0,"12":1},"f":{"0":6,"1":5,"2":1},"b":{"0":[4]},"_coverageSchema":"1a1c01bbd47fc00a2c39e90264f33305004495a9","hash":"7c11ef99ed6ac346d3880800747ef2114acfe997"}
,"/Users/terrybroughton/work/bank/statement.js": {"path":"/Users/terrybroughton/work/bank/statement.js","statementMap":{"0":{"start":{"line":3,"column":4},"end":{"line":3,"column":37}},"1":{"start":{"line":4,"column":4},"end":{"line":4,"column":57}},"2":{"start":{"line":7,"column":18},"end":{"line":7,"column":19}},"3":{"start":{"line":8,"column":17},"end":{"line":8,"column":28}},"4":{"start":{"line":9,"column":4},"end":{"line":18,"column":7}},"5":{"start":{"line":10,"column":6},"end":{"line":16,"column":7}},"6":{"start":{"line":11,"column":8},"end":{"line":11,"column":38}},"7":{"start":{"line":12,"column":8},"end":{"line":12,"column":84}},"8":{"start":{"line":14,"column":8},"end":{"line":14,"column":38}},"9":{"start":{"line":15,"column":8},"end":{"line":15,"column":84}},"10":{"start":{"line":17,"column":6},"end":{"line":17,"column":20}},"11":{"start":{"line":19,"column":4},"end":{"line":19,"column":18}},"12":{"start":{"line":23,"column":0},"end":{"line":23,"column":27}}},"fnMap":{"0":{"name":"(anonymous_0)","decl":{"start":{"line":2,"column":2},"end":{"line":2,"column":3}},"loc":{"start":{"line":2,"column":28},"end":{"line":5,"column":3}},"line":2},"1":{"name":"(anonymous_1)","decl":{"start":{"line":6,"column":2},"end":{"line":6,"column":3}},"loc":{"start":{"line":6,"column":22},"end":{"line":20,"column":3}},"line":6},"2":{"name":"(anonymous_2)","decl":{"start":{"line":9,"column":26},"end":{"line":9,"column":27}},"loc":{"start":{"line":9,"column":43},"end":{"line":18,"column":5}},"line":9}},"branchMap":{"0":{"loc":{"start":{"line":10,"column":6},"end":{"line":16,"column":7}},"type":"if","locations":[{"start":{"line":10,"column":6},"end":{"line":16,"column":7}},{"start":{"line":13,"column":13},"end":{"line":16,"column":7}}],"line":10}},"s":{"0":1,"1":1,"2":1,"3":1,"4":1,"5":2,"6":1,"7":1,"8":1,"9":1,"10":2,"11":1,"12":1},"f":{"0":1,"1":1,"2":2},"b":{"0":[1,1]},"_coverageSchema":"1a1c01bbd47fc00a2c39e90264f33305004495a9","hash":"96b1e5b0a8b2b46898ed72a40ab838fddd8acd5f"}
,"/Users/terrybroughton/work/bank/transaction.js": {"path":"/Users/terrybroughton/work/bank/transaction.js","statementMap":{"0":{"start":{"line":3,"column":4},"end":{"line":3,"column":21}},"1":{"start":{"line":4,"column":4},"end":{"line":4,"column":25}},"2":{"start":{"line":7,"column":4},"end":{"line":9,"column":5}},"3":{"start":{"line":8,"column":6},"end":{"line":8,"column":18}},"4":{"start":{"line":10,"column":14},"end":{"line":10,"column":28}},"5":{"start":{"line":11,"column":16},"end":{"line":11,"column":35}},"6":{"start":{"line":12,"column":15},"end":{"line":12,"column":33}},"7":{"start":{"line":14,"column":4},"end":{"line":16,"column":5}},"8":{"start":{"line":15,"column":6},"end":{"line":15,"column":22}},"9":{"start":{"line":17,"column":4},"end":{"line":19,"column":5}},"10":{"start":{"line":18,"column":6},"end":{"line":18,"column":26}},"11":{"start":{"line":20,"column":4},"end":{"line":20,"column":37}},"12":{"start":{"line":24,"column":4},"end":{"line":24,"column":69}},"13":{"start":{"line":28,"column":0},"end":{"line":28,"column":29}}},"fnMap":{"0":{"name":"(anonymous_0)","decl":{"start":{"line":2,"column":2},"end":{"line":2,"column":3}},"loc":{"start":{"line":2,"column":28},"end":{"line":5,"column":3}},"line":2},"1":{"name":"(anonymous_1)","decl":{"start":{"line":6,"column":2},"end":{"line":6,"column":3}},"loc":{"start":{"line":6,"column":19},"end":{"line":21,"column":3}},"line":6},"2":{"name":"(anonymous_2)","decl":{"start":{"line":23,"column":2},"end":{"line":23,"column":3}},"loc":{"start":{"line":23,"column":12},"end":{"line":25,"column":3}},"line":23}},"branchMap":{"0":{"loc":{"start":{"line":7,"column":4},"end":{"line":9,"column":5}},"type":"if","locations":[{"start":{"line":7,"column":4},"end":{"line":9,"column":5}},{"start":{},"end":{}}],"line":7},"1":{"loc":{"start":{"line":14,"column":4},"end":{"line":16,"column":5}},"type":"if","locations":[{"start":{"line":14,"column":4},"end":{"line":16,"column":5}},{"start":{},"end":{}}],"line":14},"2":{"loc":{"start":{"line":17,"column":4},"end":{"line":19,"column":5}},"type":"if","locations":[{"start":{"line":17,"column":4},"end":{"line":19,"column":5}},{"start":{},"end":{}}],"line":17}},"s":{"0":7,"1":7,"2":7,"3":2,"4":5,"5":5,"6":5,"7":5,"8":0,"9":5,"10":5,"11":5,"12":6,"13":1},"f":{"0":7,"1":7,"2":6},"b":{"0":[2,5],"1":[0,5],"2":[5,0]},"_coverageSchema":"1a1c01bbd47fc00a2c39e90264f33305004495a9","hash":"5d812e3227e195f976ca58f68a31247b68c6a126"}
}
