TN:
SF:app.js
FN:5,(anonymous_0)
FN:9,(anonymous_1)
FN:15,(anonymous_2)
FNF:3
FNH:3
FNDA:6,(anonymous_0)
FNDA:5,(anonymous_1)
FNDA:1,(anonymous_2)
DA:1,1
DA:2,1
DA:6,6
DA:7,6
DA:10,5
DA:11,5
DA:12,5
DA:13,5
DA:16,1
DA:17,1
DA:18,1
DA:19,0
DA:23,1
LF:13
LH:12
BRDA:9,0,0,4
BRF:1
BRH:1
end_of_record
TN:
SF:statement.js
FN:2,(anonymous_0)
FN:6,(anonymous_1)
FN:9,(anonymous_2)
FNF:3
FNH:3
FNDA:1,(anonymous_0)
FNDA:1,(anonymous_1)
FNDA:2,(anonymous_2)
DA:3,1
DA:4,1
DA:7,1
DA:8,1
DA:9,1
DA:10,2
DA:11,1
DA:12,1
DA:14,1
DA:15,1
DA:17,2
DA:19,1
DA:23,1
LF:13
LH:13
BRDA:10,0,0,1
BRDA:10,0,1,1
BRF:2
BRH:2
end_of_record
TN:
SF:transaction.js
FN:2,(anonymous_0)
FN:6,(anonymous_1)
FN:23,(anonymous_2)
FNF:3
FNH:3
FNDA:7,(anonymous_0)
FNDA:7,(anonymous_1)
FNDA:6,(anonymous_2)
DA:3,7
DA:4,7
DA:7,7
DA:8,2
DA:10,5
DA:11,5
DA:12,5
DA:14,5
DA:15,0
DA:17,5
DA:18,5
DA:20,5
DA:24,6
DA:28,1
LF:14
LH:13
BRDA:7,0,0,2
BRDA:7,0,1,5
BRDA:14,1,0,0
BRDA:14,1,1,5
BRDA:17,2,0,5
BRDA:17,2,1,0
BRF:6
BRH:4
end_of_record
